INFO:root:Writing the most frequent phone mapping for the graph "a": "ɑ" counting 1559 occurrences
INFO:root:Writing the most frequent phone mapping for the graph "b": "b" counting 3858 occurrences
INFO:root:Writing the most frequent phone mapping for the graph "c": "k" counting 860 occurrences
INFO:root:Writing the most frequent phone mapping for the graph "d": "d" counting 2099 occurrences
INFO:root:Writing the most frequent phone mapping for the graph "e": "ɛ" counting 283 occurrences
INFO:root:Writing the most frequent phone mapping for the graph "f": "f" counting 507 occurrences
INFO:root:Writing the most frequent phone mapping for the graph "g": "ɣ" counting 1213 occurrences
INFO:root:Writing the most frequent phone mapping for the graph "h": "ɦ" counting 1179 occurrences
INFO:root:Writing the most frequent phone mapping for the graph "i": "ɪ" counting 341 occurrences
INFO:root:Writing the most frequent phone mapping for the graph "j": "j" counting 212 occurrences
INFO:root:Writing the most frequent phone mapping for the graph "k": "k" counting 1760 occurrences
INFO:root:Writing the most frequent phone mapping for the graph "l": "l" counting 926 occurrences
INFO:root:Writing the most frequent phone mapping for the graph "m": "m" counting 1286 occurrences
INFO:root:Writing the most frequent phone mapping for the graph "n": "n" counting 557 occurrences
INFO:root:Writing the most frequent phone mapping for the graph "o": "ɔ" counting 842 occurrences
INFO:root:Writing the most frequent phone mapping for the graph "p": "p" counting 1387 occurrences
INFO:root:Writing the most frequent phone mapping for the graph "r": "r" counting 982 occurrences
INFO:root:Writing the most frequent phone mapping for the graph "s": "s" counting 2624 occurrences
INFO:root:Writing the most frequent phone mapping for the graph "t": "t" counting 1040 occurrences
INFO:root:Writing the most frequent phone mapping for the graph "u": "œ:y̯" counting 231 occurrences
INFO:root:Writing the most frequent phone mapping for the graph "v": "v" counting 2049 occurrences
INFO:root:Writing the most frequent phone mapping for the graph "w": "ʋ" counting 988 occurrences
INFO:root:Writing the most frequent phone mapping for the graph "x": "k:s" counting 17 occurrences
INFO:root:Writing the most frequent phone mapping for the graph "z": "z" counting 1229 occurrences
INFO:root:Writing the most frequent phone mapping for the graph "'": "ə" counting 5 occurrences
INFO:root:Writing the most frequent phone mapping for the graph "q": "k" counting 10 occurrences
INFO:root:Writing the most frequent phone mapping for the graph "y": "j" counting 20 occurrences
INFO:root:Writing the most frequent phone mapping for the graph "å": "ɔ" counting 1 occurrences
INFO:root:Writing the most frequent phone mapping for the graph "é": "eː" counting 1 occurrences
