INFO:root:Writing the most frequent phone mapping for the graph "e": "ə" counting 19623 occurrences
INFO:root:Writing the most frequent phone mapping for the graph "": "" counting 31211 occurrences
INFO:root:Writing the most frequent phone mapping for the graph "l": "l" counting 11709 occurrences
INFO:root:Writing the most frequent phone mapping for the graph "s": "s" counting 12407 occurrences
INFO:root:Writing the most frequent phone mapping for the graph "p": "p" counting 5639 occurrences
INFO:root:Writing the most frequent phone mapping for the graph "r": "r" counting 20883 occurrences
INFO:root:Writing the most frequent phone mapping for the graph "n": "n" counting 17219 occurrences
INFO:root:Writing the most frequent phone mapping for the graph "b": "b" counting 6754 occurrences
INFO:root:Writing the most frequent phone mapping for the graph "d": "d" counting 7098 occurrences
INFO:root:Writing the most frequent phone mapping for the graph "a": "ɑ" counting 8585 occurrences
INFO:root:Writing the most frequent phone mapping for the graph "c": "k" counting 2038 occurrences
INFO:root:Writing the most frequent phone mapping for the graph "u": "ʏ" counting 2109 occurrences
INFO:root:Writing the most frequent phone mapping for the graph "t": "t" counting 15245 occurrences
INFO:root:Writing the most frequent phone mapping for the graph "m": "m" counting 6283 occurrences
INFO:root:Writing the most frequent phone mapping for the graph "w": "ʋ" counting 2886 occurrences
INFO:root:Writing the most frequent phone mapping for the graph "i": "ɪ" counting 5603 occurrences
INFO:root:Writing the most frequent phone mapping for the graph "o": "ɔ" counting 5512 occurrences
INFO:root:Writing the most frequent phone mapping for the graph "k": "k" counting 7753 occurrences
INFO:root:Writing the most frequent phone mapping for the graph "g": "ɣ" counting 3735 occurrences
INFO:root:Writing the most frequent phone mapping for the graph "v": "v" counting 4608 occurrences
INFO:root:Writing the most frequent phone mapping for the graph "f": "f" counting 2891 occurrences
INFO:root:Writing the most frequent phone mapping for the graph "j": "ɛ:i̯" counting 1249 occurrences
INFO:root:Writing the most frequent phone mapping for the graph "h": "ɦ" counting 2621 occurrences
INFO:root:Writing the most frequent phone mapping for the graph "z": "z" counting 2425 occurrences
INFO:root:Writing the most frequent phone mapping for the graph "è": "ɛː" counting 19 occurrences
INFO:root:Writing the most frequent phone mapping for the graph "ë": "ə" counting 97 occurrences
INFO:root:Writing the most frequent phone mapping for the graph "y": "i" counting 316 occurrences
INFO:root:Writing the most frequent phone mapping for the graph "x": "k:s" counting 209 occurrences
INFO:root:Writing the most frequent phone mapping for the graph "'": "ə" counting 8 occurrences
INFO:root:Writing the most frequent phone mapping for the graph "é": "eː" counting 28 occurrences
INFO:root:Writing the most frequent phone mapping for the graph "q": "k" counting 32 occurrences
INFO:root:Writing the most frequent phone mapping for the graph "ï": "i" counting 35 occurrences
INFO:root:Writing the most frequent phone mapping for the graph "ä": "aː" counting 1 occurrences
INFO:root:Writing the most frequent phone mapping for the graph "ö": "oː" counting 10 occurrences
INFO:root:Writing the most frequent phone mapping for the graph "ç": "s" counting 3 occurrences
INFO:root:Writing the most frequent phone mapping for the graph "ü": "ʏ" counting 5 occurrences
INFO:root:Writing the most frequent phone mapping for the graph "ê": "ɛ" counting 1 occurrences
INFO:root:Writing the most frequent phone mapping for the graph "č": "t:ʃ" counting 1 occurrences
INFO:root:Writing the most frequent phone mapping for the graph "á": "aː" counting 1 occurrences
INFO:root:Writing the most frequent phone mapping for the graph "ș": "ʃ:oː" counting 1 occurrences
INFO:root:Writing the most frequent phone mapping for the graph "å": "ɔ" counting 1 occurrences
