INFO:root:Writing the most frequent phone mapping for the graph "'": "ə" counting 3 occurrences
INFO:root:Writing the most frequent phone mapping for the graph "a": "æ" counting 4057 occurrences
INFO:root:Writing the most frequent phone mapping for the graph "b": "b" counting 7340 occurrences
INFO:root:Writing the most frequent phone mapping for the graph "c": "k" counting 8811 occurrences
INFO:root:Writing the most frequent phone mapping for the graph "d": "d" counting 7819 occurrences
INFO:root:Writing the most frequent phone mapping for the graph "e": "ɛ" counting 2236 occurrences
INFO:root:Writing the most frequent phone mapping for the graph "f": "f" counting 4927 occurrences
INFO:root:Writing the most frequent phone mapping for the graph "g": "ɡ" counting 3634 occurrences
INFO:root:Writing the most frequent phone mapping for the graph "h": "h" counting 4431 occurrences
INFO:root:Writing the most frequent phone mapping for the graph "i": "ɪ" counting 3170 occurrences
INFO:root:Writing the most frequent phone mapping for the graph "j": "d:ʒ" counting 922 occurrences
INFO:root:Writing the most frequent phone mapping for the graph "k": "k" counting 1389 occurrences
INFO:root:Writing the most frequent phone mapping for the graph "l": "l" counting 3943 occurrences
INFO:root:Writing the most frequent phone mapping for the graph "m": "m" counting 6516 occurrences
INFO:root:Writing the most frequent phone mapping for the graph "n": "n" counting 2395 occurrences
INFO:root:Writing the most frequent phone mapping for the graph "o": "ɒ" counting 656 occurrences
INFO:root:Writing the most frequent phone mapping for the graph "p": "p" counting 8535 occurrences
INFO:root:Writing the most frequent phone mapping for the graph "q": "k" counting 645 occurrences
INFO:root:Writing the most frequent phone mapping for the graph "r": "ɹ" counting 4568 occurrences
INFO:root:Writing the most frequent phone mapping for the graph "s": "s" counting 10058 occurrences
INFO:root:Writing the most frequent phone mapping for the graph "t": "t" counting 5126 occurrences
INFO:root:Writing the most frequent phone mapping for the graph "u": "ʌ" counting 1180 occurrences
INFO:root:Writing the most frequent phone mapping for the graph "v": "v" counting 1936 occurrences
INFO:root:Writing the most frequent phone mapping for the graph "w": "w" counting 2505 occurrences
INFO:root:Writing the most frequent phone mapping for the graph "x": "z" counting 188 occurrences
INFO:root:Writing the most frequent phone mapping for the graph "y": "j" counting 525 occurrences
INFO:root:Writing the most frequent phone mapping for the graph "z": "z" counting 499 occurrences
INFO:root:Writing the most frequent phone mapping for the graph "á": "ɑ" counting 3 occurrences
INFO:root:Writing the most frequent phone mapping for the graph "å": "ɔː" counting 4 occurrences
INFO:root:Writing the most frequent phone mapping for the graph "æ": "iː" counting 5 occurrences
INFO:root:Writing the most frequent phone mapping for the graph "é": "e:ɪ" counting 7 occurrences
INFO:root:Writing the most frequent phone mapping for the graph "ó": "o:ʊ" counting 2 occurrences
INFO:root:Writing the most frequent phone mapping for the graph "ö": "ɜː" counting 2 occurrences
INFO:root:Writing the most frequent phone mapping for the graph "ø": "ɜː" counting 2 occurrences
INFO:root:Writing the most frequent phone mapping for the graph "ü": "uː" counting 6 occurrences
INFO:root:Writing the most frequent phone mapping for the graph "č": "t͡ʃ" counting 2 occurrences
INFO:root:Writing the most frequent phone mapping for the graph "œ": "ɪː" counting 4 occurrences
