INFO:root:Writing the most frequent phone mapping for the graph "b": "b" counting 17612 occurrences
INFO:root:Writing the most frequent phone mapping for the graph "o": "ə" counting 14729 occurrences
INFO:root:Writing the most frequent phone mapping for the graph "t": "t" counting 42201 occurrences
INFO:root:Writing the most frequent phone mapping for the graph "": "" counting 120404 occurrences
INFO:root:Writing the most frequent phone mapping for the graph "u": "ʌ" counting 6909 occurrences
INFO:root:Writing the most frequent phone mapping for the graph "d": "d" counting 27442 occurrences
INFO:root:Writing the most frequent phone mapping for the graph "s": "s" counting 32316 occurrences
INFO:root:Writing the most frequent phone mapping for the graph "n": "n" counting 45596 occurrences
INFO:root:Writing the most frequent phone mapping for the graph "m": "m" counting 24010 occurrences
INFO:root:Writing the most frequent phone mapping for the graph "e": "ɛ" counting 19197 occurrences
INFO:root:Writing the most frequent phone mapping for the graph "l": "l" counting 34984 occurrences
INFO:root:Writing the most frequent phone mapping for the graph "r": "ɹ" counting 40774 occurrences
INFO:root:Writing the most frequent phone mapping for the graph "a": "ə" counting 28135 occurrences
INFO:root:Writing the most frequent phone mapping for the graph "k": "k" counting 6161 occurrences
INFO:root:Writing the most frequent phone mapping for the graph "y": "i" counting 9382 occurrences
INFO:root:Writing the most frequent phone mapping for the graph "i": "ɪ" counting 45132 occurrences
INFO:root:Writing the most frequent phone mapping for the graph "c": "k" counting 24592 occurrences
INFO:root:Writing the most frequent phone mapping for the graph "'": "ə" counting 65 occurrences
INFO:root:Writing the most frequent phone mapping for the graph "f": "f" counting 10158 occurrences
INFO:root:Writing the most frequent phone mapping for the graph "p": "p" counting 21046 occurrences
INFO:root:Writing the most frequent phone mapping for the graph "w": "w" counting 4546 occurrences
INFO:root:Writing the most frequent phone mapping for the graph "x": "k:s" counting 2427 occurrences
INFO:root:Writing the most frequent phone mapping for the graph "v": "v" counting 6984 occurrences
INFO:root:Writing the most frequent phone mapping for the graph "g": "ɡ" counting 9986 occurrences
INFO:root:Writing the most frequent phone mapping for the graph "h": "h" counting 6011 occurrences
INFO:root:Writing the most frequent phone mapping for the graph "é": "e:ɪ" counting 218 occurrences
INFO:root:Writing the most frequent phone mapping for the graph "z": "z" counting 2159 occurrences
INFO:root:Writing the most frequent phone mapping for the graph "ñ": "n:j" counting 22 occurrences
INFO:root:Writing the most frequent phone mapping for the graph "j": "d:ʒ" counting 1502 occurrences
INFO:root:Writing the most frequent phone mapping for the graph "ó": "o:ʊ" counting 4 occurrences
INFO:root:Writing the most frequent phone mapping for the graph "q": "k" counting 1819 occurrences
INFO:root:Writing the most frequent phone mapping for the graph "í": "iː" counting 7 occurrences
INFO:root:Writing the most frequent phone mapping for the graph "á": "ɑː" counting 15 occurrences
INFO:root:Writing the most frequent phone mapping for the graph "æ": "iː" counting 32 occurrences
INFO:root:Writing the most frequent phone mapping for the graph "œ": "iː" counting 14 occurrences
INFO:root:Writing the most frequent phone mapping for the graph "ṭ": "t" counting 4 occurrences
INFO:root:Writing the most frequent phone mapping for the graph "ç": "s" counting 26 occurrences
INFO:root:Writing the most frequent phone mapping for the graph "ê": "e:ɪ" counting 13 occurrences
INFO:root:Writing the most frequent phone mapping for the graph "ä": "e:ɪ" counting 6 occurrences
INFO:root:Writing the most frequent phone mapping for the graph "č": "t:ʃ" counting 21 occurrences
INFO:root:Writing the most frequent phone mapping for the graph "ț": "t:s" counting 2 occurrences
INFO:root:Writing the most frequent phone mapping for the graph "è": "ɛ" counting 34 occurrences
INFO:root:Writing the most frequent phone mapping for the graph "ö": "ɜː" counting 12 occurrences
INFO:root:Writing the most frequent phone mapping for the graph "ú": "uː" counting 7 occurrences
INFO:root:Writing the most frequent phone mapping for the graph "ë": "ɛ" counting 12 occurrences
INFO:root:Writing the most frequent phone mapping for the graph "â": "ɑː" counting 5 occurrences
INFO:root:Writing the most frequent phone mapping for the graph "ı": "i" counting 2 occurrences
INFO:root:Writing the most frequent phone mapping for the graph "ř": "ɔː:ʒ" counting 2 occurrences
INFO:root:Writing the most frequent phone mapping for the graph "ū": "uː" counting 4 occurrences
INFO:root:Writing the most frequent phone mapping for the graph "ü": "uː" counting 13 occurrences
INFO:root:Writing the most frequent phone mapping for the graph "ą": "ɔ" counting 2 occurrences
INFO:root:Writing the most frequent phone mapping for the graph "ô": "ə:ʊ" counting 8 occurrences
INFO:root:Writing the most frequent phone mapping for the graph "ń": "n" counting 3 occurrences
INFO:root:Writing the most frequent phone mapping for the graph "ő": "ɜː:r" counting 2 occurrences
INFO:root:Writing the most frequent phone mapping for the graph "î": "ʒ:iː" counting 2 occurrences
INFO:root:Writing the most frequent phone mapping for the graph "ō": "o:ʊ" counting 1 occurrences
INFO:root:Writing the most frequent phone mapping for the graph "ï": "iː" counting 6 occurrences
INFO:root:Writing the most frequent phone mapping for the graph "à": "ɑː" counting 4 occurrences
INFO:root:Writing the most frequent phone mapping for the graph "ù": "u" counting 2 occurrences
INFO:root:Writing the most frequent phone mapping for the graph "ā": "ɑː" counting 2 occurrences
INFO:root:Writing the most frequent phone mapping for the graph "ø": "ɜː" counting 4 occurrences
INFO:root:Writing the most frequent phone mapping for the graph "ē": "e:ɪ" counting 2 occurrences
INFO:root:Writing the most frequent phone mapping for the graph "ș": "ʃ:w" counting 2 occurrences
INFO:root:Writing the most frequent phone mapping for the graph "õ": "ɔː" counting 2 occurrences
INFO:root:Writing the most frequent phone mapping for the graph "ł": "w" counting 2 occurrences
INFO:root:Writing the most frequent phone mapping for the graph "ę": "ɛ:n" counting 2 occurrences
INFO:root:Writing the most frequent phone mapping for the graph "å": "ɔː" counting 4 occurrences
INFO:root:Writing the most frequent phone mapping for the graph "ð": "ð:ɚ" counting 1 occurrences
INFO:root:Writing the most frequent phone mapping for the graph "ž": "ʊ:ʒ" counting 3 occurrences
INFO:root:Writing the most frequent phone mapping for the graph "û": "s:uː" counting 1 occurrences
INFO:root:Writing the most frequent phone mapping for the graph "ã": "ɑː" counting 1 occurrences
INFO:root:Writing the most frequent phone mapping for the graph "ī": "iː" counting 2 occurrences
