INFO:root:Writing the most frequent phone mapping for the graph "あ": "a̠" counting 931 occurrences
INFO:root:Writing the most frequent phone mapping for the graph "": "" counting 19043 occurrences
INFO:root:Writing the most frequent phone mapping for the graph "い": "i" counting 3600 occurrences
INFO:root:Writing the most frequent phone mapping for the graph "が": "ɡ:a̠" counting 1071 occurrences
INFO:root:Writing the most frequent phone mapping for the graph "さ": "s:a̠" counting 946 occurrences
INFO:root:Writing the most frequent phone mapping for the graph "れ": "ɾ:e̞" counting 448 occurrences
INFO:root:Writing the most frequent phone mapping for the graph "な": "n:a̠" counting 972 occurrences
INFO:root:Writing the most frequent phone mapping for the graph "ろ": "ɾ:o̞" counting 526 occurrences
INFO:root:Writing the most frequent phone mapping for the graph "え": "e̞" counting 542 occurrences
INFO:root:Writing the most frequent phone mapping for the graph "き": "kʲ:i" counting 1807 occurrences
INFO:root:Writing the most frequent phone mapping for the graph "ん": "ɴ" counting 2444 occurrences
INFO:root:Writing the most frequent phone mapping for the graph "か": "k:a̠" counting 2426 occurrences
INFO:root:Writing the most frequent phone mapping for the graph "ぎ": "ɡʲ:i" counting 373 occurrences
INFO:root:Writing the most frequent phone mapping for the graph "た": "t:a̠" counting 1411 occurrences
INFO:root:Writing the most frequent phone mapping for the graph "わ": "ɰᵝ:a̠" counting 677 occurrences
INFO:root:Writing the most frequent phone mapping for the graph "ら": "ɾ:a̠" counting 967 occurrences
INFO:root:Writing the most frequent phone mapping for the graph "ず": "z:ɨᵝ" counting 302 occurrences
INFO:root:Writing the most frequent phone mapping for the graph "み": "mʲ:i" counting 879 occurrences
INFO:root:Writing the most frequent phone mapping for the graph "め": "m:e̞" counting 516 occurrences
INFO:root:Writing the most frequent phone mapping for the graph "ど": "d:o̞" counting 396 occurrences
INFO:root:Writing the most frequent phone mapping for the graph "う": "o̞ː" counting 3235 occurrences
INFO:root:Writing the most frequent phone mapping for the graph "ぶ": "b:ɯ̟ᵝ" counting 486 occurrences
INFO:root:Writing the most frequent phone mapping for the graph "つ": "t͡s:ɨᵝ" counting 1820 occurrences
INFO:root:Writing the most frequent phone mapping for the graph "く": "k:ɯ̟ᵝ" counting 2920 occurrences
INFO:root:Writing the most frequent phone mapping for the graph "ち": "t͡ɕ:i" counting 848 occurrences
INFO:root:Writing the most frequent phone mapping for the graph "る": "ɾ:ɯ̟ᵝ" counting 1511 occurrences
INFO:root:Writing the most frequent phone mapping for the graph "し": "ɕ:i" counting 1691 occurrences
INFO:root:Writing the most frequent phone mapping for the graph "け": "k:e̞" counting 543 occurrences
INFO:root:Writing the most frequent phone mapping for the graph "こ": "k:o̞" counting 1179 occurrences
INFO:root:Writing the most frequent phone mapping for the graph "ゃ": "a̠" counting 624 occurrences
INFO:root:Writing the most frequent phone mapping for the graph "ゅ": "ɨᵝ" counting 397 occurrences
INFO:root:Writing the most frequent phone mapping for the graph "っ": "k̚" counting 319 occurrences
INFO:root:Writing the most frequent phone mapping for the graph "と": "t:o̞" counting 906 occurrences
INFO:root:Writing the most frequent phone mapping for the graph "ば": "b:a̠" counting 559 occurrences
INFO:root:Writing the most frequent phone mapping for the graph "ご": "ɡ:o̞" counting 472 occurrences
INFO:root:Writing the most frequent phone mapping for the graph "て": "t:e̞" counting 483 occurrences
INFO:root:Writing the most frequent phone mapping for the graph "せ": "s" counting 540 occurrences
INFO:root:Writing the most frequent phone mapping for the graph "ょ": "o̞" counting 731 occurrences
INFO:root:Writing the most frequent phone mapping for the graph "じ": "d͡ʑ" counting 455 occurrences
INFO:root:Writing the most frequent phone mapping for the graph "す": "s:ɨᵝ" counting 949 occurrences
INFO:root:Writing the most frequent phone mapping for the graph "そ": "s:o̞" counting 422 occurrences
INFO:root:Writing the most frequent phone mapping for the graph "ぞ": "z:o̞" counting 83 occurrences
INFO:root:Writing the most frequent phone mapping for the graph "だ": "d:a̠" counting 629 occurrences
INFO:root:Writing the most frequent phone mapping for the graph "ぐ": "ɡ:ɯ̟ᵝ" counting 263 occurrences
INFO:root:Writing the most frequent phone mapping for the graph "に": "ɲ̟:i" counting 459 occurrences
INFO:root:Writing the most frequent phone mapping for the graph "の": "n:o̞" counting 521 occurrences
INFO:root:Writing the most frequent phone mapping for the graph "ふ": "ɸ:ɯ̟ᵝ" counting 453 occurrences
INFO:root:Writing the most frequent phone mapping for the graph "ぼ": "b:o̞" counting 238 occurrences
INFO:root:Writing the most frequent phone mapping for the graph "ま": "m:a̠" counting 1120 occurrences
INFO:root:Writing the most frequent phone mapping for the graph "よ": "j:o̞" counting 389 occurrences
INFO:root:Writing the most frequent phone mapping for the graph "お": "o̞" counting 755 occurrences
INFO:root:Writing the most frequent phone mapping for the graph "り": "ɾʲ:i" counting 1250 occurrences
INFO:root:Writing the most frequent phone mapping for the graph "げ": "ɡ:e̞" counting 276 occurrences
INFO:root:Writing the most frequent phone mapping for the graph "ざ": "z:a̠" counting 253 occurrences
INFO:root:Writing the most frequent phone mapping for the graph "も": "m:o̞" counting 645 occurrences
INFO:root:Writing the most frequent phone mapping for the graph "や": "j:a̠" counting 685 occurrences
INFO:root:Writing the most frequent phone mapping for the graph "ね": "n:e̞" counting 312 occurrences
INFO:root:Writing the most frequent phone mapping for the graph "は": "h:a̠" counting 802 occurrences
INFO:root:Writing the most frequent phone mapping for the graph "ぬ": "n:ɯ̟ᵝ" counting 120 occurrences
INFO:root:Writing the most frequent phone mapping for the graph "べ": "b:e̞" counting 126 occurrences
INFO:root:Writing the most frequent phone mapping for the graph "む": "m:ɯ̟ᵝ" counting 491 occurrences
INFO:root:Writing the most frequent phone mapping for the graph "ぜ": "d͡z:ẽ̞" counting 72 occurrences
INFO:root:Writing the most frequent phone mapping for the graph "び": "bʲ:i" counting 329 occurrences
INFO:root:Writing the most frequent phone mapping for the graph "ひ": "ç:i" counting 480 occurrences
INFO:root:Writing the most frequent phone mapping for the graph "ぱ": "p:a̠" counting 106 occurrences
INFO:root:Writing the most frequent phone mapping for the graph "を": "o̞" counting 78 occurrences
INFO:root:Writing the most frequent phone mapping for the graph "ぽ": "p:o̞" counting 43 occurrences
INFO:root:Writing the most frequent phone mapping for the graph "で": "d:e̞" counting 156 occurrences
INFO:root:Writing the most frequent phone mapping for the graph "ゆ": "j:ɯ̟ᵝ" counting 198 occurrences
INFO:root:Writing the most frequent phone mapping for the graph "づ": "z:ɨᵝ" counting 95 occurrences
INFO:root:Writing the most frequent phone mapping for the graph "へ": "h:ẽ̞" counting 74 occurrences
INFO:root:Writing the most frequent phone mapping for the graph "ほ": "h" counting 262 occurrences
INFO:root:Writing the most frequent phone mapping for the graph "ぴ": "pʲ:i" counting 27 occurrences
INFO:root:Writing the most frequent phone mapping for the graph "ぇ": "e̞" counting 19 occurrences
INFO:root:Writing the most frequent phone mapping for the graph "ゞ": "z:ɨᵝ" counting 1 occurrences
INFO:root:Writing the most frequent phone mapping for the graph "ぷ": "p:ɯ̟ᵝ" counting 42 occurrences
INFO:root:Writing the most frequent phone mapping for the graph "ぺ": "p:e̞" counting 19 occurrences
INFO:root:Writing the most frequent phone mapping for the graph "ぃ": "ɰᵝ:i" counting 4 occurrences
INFO:root:Writing the most frequent phone mapping for the graph "ぉ": "o̞" counting 5 occurrences
INFO:root:Writing the most frequent phone mapping for the graph "゚": "ɯ̟ᵝ" counting 3 occurrences
INFO:root:Writing the most frequent phone mapping for the graph "ぁ": "ɰᵝ:a̠" counting 6 occurrences
INFO:root:Writing the most frequent phone mapping for the graph "ゎ": "ɰᵝ:a̠" counting 4 occurrences
INFO:root:Writing the most frequent phone mapping for the graph "ぢ": "ʑ:i" counting 16 occurrences
INFO:root:Writing the most frequent phone mapping for the graph "ぅ": "ɯ̟ᵝ" counting 2 occurrences
INFO:root:Writing the most frequent phone mapping for the graph "ゐ": "ɰᵝ:j" counting 4 occurrences
INFO:root:Writing the most frequent phone mapping for the graph "゙": "i" counting 1 occurrences
INFO:root:Writing the most frequent phone mapping for the graph "ゑ": "ɰᵝ:e̞" counting 1 occurrences
INFO:root:Writing the most frequent phone mapping for the graph "ゔ": "bʲ" counting 4 occurrences
