INFO:root:Writing the most frequent phone mapping for the graph "あ": "a̠" counting 602 occurrences
INFO:root:Writing the most frequent phone mapping for the graph "い": "i" counting 543 occurrences
INFO:root:Writing the most frequent phone mapping for the graph "う": "ɯ̟ᵝ" counting 347 occurrences
INFO:root:Writing the most frequent phone mapping for the graph "え": "ẽ̞" counting 93 occurrences
INFO:root:Writing the most frequent phone mapping for the graph "お": "o̞" counting 461 occurrences
INFO:root:Writing the most frequent phone mapping for the graph "か": "k:a̠" counting 865 occurrences
INFO:root:Writing the most frequent phone mapping for the graph "が": "ɡ:a̠" counting 125 occurrences
INFO:root:Writing the most frequent phone mapping for the graph "き": "kʲ:i" counting 307 occurrences
INFO:root:Writing the most frequent phone mapping for the graph "ぎ": "ɡʲ" counting 56 occurrences
INFO:root:Writing the most frequent phone mapping for the graph "く": "k:ɯ̟ᵝ" counting 273 occurrences
INFO:root:Writing the most frequent phone mapping for the graph "ぐ": "ɡ:ɯ̟ᵝ" counting 26 occurrences
INFO:root:Writing the most frequent phone mapping for the graph "け": "k" counting 128 occurrences
INFO:root:Writing the most frequent phone mapping for the graph "げ": "ɡ:ẽ̞" counting 85 occurrences
INFO:root:Writing the most frequent phone mapping for the graph "こ": "k:o̞" counting 422 occurrences
INFO:root:Writing the most frequent phone mapping for the graph "ご": "ɡ:o̞" counting 107 occurrences
INFO:root:Writing the most frequent phone mapping for the graph "さ": "s:a̠" counting 376 occurrences
INFO:root:Writing the most frequent phone mapping for the graph "ざ": "d͡z:a̠" counting 61 occurrences
INFO:root:Writing the most frequent phone mapping for the graph "し": "ɕ" counting 507 occurrences
INFO:root:Writing the most frequent phone mapping for the graph "じ": "d͡ʑ" counting 365 occurrences
INFO:root:Writing the most frequent phone mapping for the graph "す": "s:ɨᵝ" counting 263 occurrences
INFO:root:Writing the most frequent phone mapping for the graph "ず": "d͡z:ɨᵝ" counting 40 occurrences
INFO:root:Writing the most frequent phone mapping for the graph "せ": "s" counting 210 occurrences
INFO:root:Writing the most frequent phone mapping for the graph "ぜ": "d͡z:ẽ̞" counting 59 occurrences
INFO:root:Writing the most frequent phone mapping for the graph "そ": "s:o̞" counting 153 occurrences
INFO:root:Writing the most frequent phone mapping for the graph "ぞ": "d͡z" counting 31 occurrences
INFO:root:Writing the most frequent phone mapping for the graph "た": "t:a̠" counting 451 occurrences
INFO:root:Writing the most frequent phone mapping for the graph "だ": "d:a̠" counting 161 occurrences
INFO:root:Writing the most frequent phone mapping for the graph "ち": "t͡ɕ" counting 249 occurrences
INFO:root:Writing the most frequent phone mapping for the graph "ぢ": "d͡ʑ" counting 4 occurrences
INFO:root:Writing the most frequent phone mapping for the graph "っ": "t̚" counting 2 occurrences
INFO:root:Writing the most frequent phone mapping for the graph "つ": "t͡s:ɨᵝ" counting 226 occurrences
INFO:root:Writing the most frequent phone mapping for the graph "づ": "t͡s:ɨᵝ" counting 1 occurrences
INFO:root:Writing the most frequent phone mapping for the graph "て": "t:e̞" counting 138 occurrences
INFO:root:Writing the most frequent phone mapping for the graph "で": "d:ẽ̞" counting 55 occurrences
INFO:root:Writing the most frequent phone mapping for the graph "と": "t:o̞" counting 345 occurrences
INFO:root:Writing the most frequent phone mapping for the graph "ど": "d" counting 112 occurrences
INFO:root:Writing the most frequent phone mapping for the graph "な": "n:a̠" counting 331 occurrences
INFO:root:Writing the most frequent phone mapping for the graph "に": "ɲ̟:i" counting 184 occurrences
INFO:root:Writing the most frequent phone mapping for the graph "ぬ": "n:ɯ̟ᵝ" counting 38 occurrences
INFO:root:Writing the most frequent phone mapping for the graph "ね": "n:e̞" counting 113 occurrences
INFO:root:Writing the most frequent phone mapping for the graph "の": "n:o̞" counting 93 occurrences
INFO:root:Writing the most frequent phone mapping for the graph "は": "h:a̠" counting 563 occurrences
INFO:root:Writing the most frequent phone mapping for the graph "ば": "b:a̠" counting 124 occurrences
INFO:root:Writing the most frequent phone mapping for the graph "ぱ": "p:a̠" counting 6 occurrences
INFO:root:Writing the most frequent phone mapping for the graph "ひ": "ç:i" counting 333 occurrences
INFO:root:Writing the most frequent phone mapping for the graph "び": "bʲ:i" counting 48 occurrences
INFO:root:Writing the most frequent phone mapping for the graph "ぴ": "pʲ:i" counting 6 occurrences
INFO:root:Writing the most frequent phone mapping for the graph "ふ": "ɸ:ɯ̟ᵝ" counting 293 occurrences
INFO:root:Writing the most frequent phone mapping for the graph "ぶ": "b:ɯ̟ᵝ" counting 107 occurrences
INFO:root:Writing the most frequent phone mapping for the graph "ぷ": "p:ɯ̟ᵝ" counting 2 occurrences
INFO:root:Writing the most frequent phone mapping for the graph "へ": "h:e̞" counting 43 occurrences
INFO:root:Writing the most frequent phone mapping for the graph "べ": "b:e̞" counting 30 occurrences
INFO:root:Writing the most frequent phone mapping for the graph "ぺ": "p:e̞" counting 6 occurrences
INFO:root:Writing the most frequent phone mapping for the graph "ほ": "h:o̞" counting 139 occurrences
INFO:root:Writing the most frequent phone mapping for the graph "ぼ": "b:o̞" counting 53 occurrences
INFO:root:Writing the most frequent phone mapping for the graph "ぽ": "p:o̞" counting 8 occurrences
INFO:root:Writing the most frequent phone mapping for the graph "ま": "m:a̠" counting 346 occurrences
INFO:root:Writing the most frequent phone mapping for the graph "み": "mʲ:i" counting 271 occurrences
INFO:root:Writing the most frequent phone mapping for the graph "む": "m:ɯ̟ᵝ" counting 177 occurrences
INFO:root:Writing the most frequent phone mapping for the graph "め": "m:e̞" counting 85 occurrences
INFO:root:Writing the most frequent phone mapping for the graph "も": "m:o̞" counting 181 occurrences
INFO:root:Writing the most frequent phone mapping for the graph "や": "j:a̠" counting 249 occurrences
INFO:root:Writing the most frequent phone mapping for the graph "ゆ": "j" counting 100 occurrences
INFO:root:Writing the most frequent phone mapping for the graph "よ": "j:o̞" counting 210 occurrences
INFO:root:Writing the most frequent phone mapping for the graph "ら": "ɾ:a̠" counting 64 occurrences
INFO:root:Writing the most frequent phone mapping for the graph "り": "ɾʲ" counting 119 occurrences
INFO:root:Writing the most frequent phone mapping for the graph "る": "ɾ:ɯ̟ᵝ" counting 20 occurrences
INFO:root:Writing the most frequent phone mapping for the graph "れ": "ɾ" counting 46 occurrences
INFO:root:Writing the most frequent phone mapping for the graph "ろ": "ɾ:o̞" counting 38 occurrences
INFO:root:Writing the most frequent phone mapping for the graph "わ": "ɰᵝ:a̠" counting 155 occurrences
INFO:root:Writing the most frequent phone mapping for the graph "ゐ": "ɰᵝ:j" counting 4 occurrences
INFO:root:Writing the most frequent phone mapping for the graph "ゑ": "ɰᵝ:e̞" counting 1 occurrences
INFO:root:Writing the most frequent phone mapping for the graph "を": "o̞" counting 3 occurrences
INFO:root:Writing the most frequent phone mapping for the graph "ん": "n" counting 2 occurrences
INFO:root:Writing the most frequent phone mapping for the graph "ゔ": "bʲ" counting 4 occurrences
