INFO:root:Writing the most frequent phone mapping for the graph "ᆫ": "n" counting 2 occurrences
INFO:root:Writing the most frequent phone mapping for the graph "ㄷ": "d" counting 1622 occurrences
INFO:root:Writing the most frequent phone mapping for the graph "ㅏ": "a̠" counting 6201 occurrences
INFO:root:Writing the most frequent phone mapping for the graph "": "" counting 8645 occurrences
INFO:root:Writing the most frequent phone mapping for the graph "ㅔ": "e̞" counting 687 occurrences
INFO:root:Writing the most frequent phone mapping for the graph "ㅈ": "d͡ʑ" counting 1137 occurrences
INFO:root:Writing the most frequent phone mapping for the graph "ㅣ": "i" counting 3071 occurrences
INFO:root:Writing the most frequent phone mapping for the graph "ᆯ": "ɭ" counting 1 occurrences
INFO:root:Writing the most frequent phone mapping for the graph "ㄱ": "k̚" counting 1300 occurrences
INFO:root:Writing the most frequent phone mapping for the graph "ᆸ": "m" counting 2 occurrences
INFO:root:Writing the most frequent phone mapping for the graph "ㄴ": "n" counting 2611 occurrences
INFO:root:Writing the most frequent phone mapping for the graph "ㄲ": "k͈" counting 326 occurrences
INFO:root:Writing the most frequent phone mapping for the graph "ㅅ": "sʰ" counting 1869 occurrences
INFO:root:Writing the most frequent phone mapping for the graph "ㅇ": "ŋ" counting 2026 occurrences
INFO:root:Writing the most frequent phone mapping for the graph "ㅓ": "ʌ̹" counting 2007 occurrences
INFO:root:Writing the most frequent phone mapping for the graph "ㅗ": "o̞" counting 2414 occurrences
INFO:root:Writing the most frequent phone mapping for the graph "ㅜ": "u" counting 2309 occurrences
INFO:root:Writing the most frequent phone mapping for the graph "ㅡ": "ɯ" counting 1743 occurrences
INFO:root:Writing the most frequent phone mapping for the graph "ㄹ": "ɭ" counting 1619 occurrences
INFO:root:Writing the most frequent phone mapping for the graph "ㅁ": "m" counting 2393 occurrences
INFO:root:Writing the most frequent phone mapping for the graph "ㅍ": "pʰ" counting 690 occurrences
INFO:root:Writing the most frequent phone mapping for the graph "ㅎ": "ɦ" counting 641 occurrences
INFO:root:Writing the most frequent phone mapping for the graph "ㅂ": "p" counting 885 occurrences
INFO:root:Writing the most frequent phone mapping for the graph "ㅆ": "s͈" counting 116 occurrences
INFO:root:Writing the most frequent phone mapping for the graph "ㅌ": "tʰ" counting 657 occurrences
INFO:root:Writing the most frequent phone mapping for the graph "ㄸ": "t͈" counting 163 occurrences
INFO:root:Writing the most frequent phone mapping for the graph "ㅃ": "p͈" counting 223 occurrences
INFO:root:Writing the most frequent phone mapping for the graph "ㅊ": "t͡ɕʰ" counting 919 occurrences
INFO:root:Writing the most frequent phone mapping for the graph "ㅋ": "kʰ" counting 277 occurrences
INFO:root:Writing the most frequent phone mapping for the graph "ㅑ": "a̠" counting 152 occurrences
INFO:root:Writing the most frequent phone mapping for the graph "ㅕ": "ʌ̹" counting 352 occurrences
INFO:root:Writing the most frequent phone mapping for the graph "ㅄ": "p̚" counting 10 occurrences
INFO:root:Writing the most frequent phone mapping for the graph "ㅛ": "o" counting 153 occurrences
INFO:root:Writing the most frequent phone mapping for the graph "ㅟ": "i" counting 91 occurrences
INFO:root:Writing the most frequent phone mapping for the graph "ㅉ": "t͡ɕ͈" counting 114 occurrences
INFO:root:Writing the most frequent phone mapping for the graph "ㅠ": "u" counting 174 occurrences
INFO:root:Writing the most frequent phone mapping for the graph "ㅘ": "a̠" counting 100 occurrences
INFO:root:Writing the most frequent phone mapping for the graph "ㅝ": "ʌ̹" counting 150 occurrences
INFO:root:Writing the most frequent phone mapping for the graph "ㄵ": "n" counting 6 occurrences
INFO:root:Writing the most frequent phone mapping for the graph "ㄺ": "k̚" counting 29 occurrences
INFO:root:Writing the most frequent phone mapping for the graph "ㅢ": "i" counting 121 occurrences
INFO:root:Writing the most frequent phone mapping for the graph "ㄶ": "n" counting 9 occurrences
INFO:root:Writing the most frequent phone mapping for the graph "ㅐ": "ɛː" counting 221 occurrences
INFO:root:Writing the most frequent phone mapping for the graph "ㅖ": "e̞" counting 40 occurrences
INFO:root:Writing the most frequent phone mapping for the graph "ㄻ": "m" counting 13 occurrences
INFO:root:Writing the most frequent phone mapping for the graph "ㄾ": "ɭ" counting 6 occurrences
INFO:root:Writing the most frequent phone mapping for the graph "ㅙ": "ɛː" counting 3 occurrences
INFO:root:Writing the most frequent phone mapping for the graph "ㅚ": "e̞" counting 41 occurrences
INFO:root:Writing the most frequent phone mapping for the graph "ㅀ": "ɭ" counting 9 occurrences
INFO:root:Writing the most frequent phone mapping for the graph "ㄳ": "k̚" counting 11 occurrences
INFO:root:Writing the most frequent phone mapping for the graph "ㄼ": "ɭ" counting 14 occurrences
INFO:root:Writing the most frequent phone mapping for the graph "ㄿ": "p̚" counting 4 occurrences
INFO:root:Writing the most frequent phone mapping for the graph "ㄽ": "ɭ" counting 2 occurrences
INFO:root:Writing the most frequent phone mapping for the graph "ㅞ": "e̞" counting 10 occurrences
INFO:root:Writing the most frequent phone mapping for the graph "ㅒ": "ɛː" counting 2 occurrences
