INFO:root:Writing the most frequent phone mapping for the graph "l": "l" counting 32663 occurrences
INFO:root:Writing the most frequent phone mapping for the graph "e": "e" counting 80322 occurrences
INFO:root:Writing the most frequent phone mapping for the graph "n": "n" counting 42321 occurrences
INFO:root:Writing the most frequent phone mapping for the graph "i": "i" counting 61501 occurrences
INFO:root:Writing the most frequent phone mapping for the graph "a": "a" counting 166472 occurrences
INFO:root:Writing the most frequent phone mapping for the graph "": "" counting 112850 occurrences
INFO:root:Writing the most frequent phone mapping for the graph "s": "s" counting 74528 occurrences
INFO:root:Writing the most frequent phone mapping for the graph "o": "o" counting 88328 occurrences
INFO:root:Writing the most frequent phone mapping for the graph "b": "b" counting 11698 occurrences
INFO:root:Writing the most frequent phone mapping for the graph "r": "ɾ" counting 53731 occurrences
INFO:root:Writing the most frequent phone mapping for the graph "á": "a" counting 3456 occurrences
INFO:root:Writing the most frequent phone mapping for the graph "t": "t" counting 26911 occurrences
INFO:root:Writing the most frequent phone mapping for the graph "c": "k" counting 30792 occurrences
INFO:root:Writing the most frequent phone mapping for the graph "í": "i" counting 3991 occurrences
INFO:root:Writing the most frequent phone mapping for the graph "d": "d" counting 37334 occurrences
INFO:root:Writing the most frequent phone mapping for the graph "j": "x" counting 4641 occurrences
INFO:root:Writing the most frequent phone mapping for the graph "g": "ɡ" counting 7709 occurrences
INFO:root:Writing the most frequent phone mapping for the graph "m": "m" counting 30277 occurrences
INFO:root:Writing the most frequent phone mapping for the graph "ñ": "ɲ" counting 1831 occurrences
INFO:root:Writing the most frequent phone mapping for the graph "z": "θ" counting 8233 occurrences
INFO:root:Writing the most frequent phone mapping for the graph "u": "u" counting 19505 occurrences
INFO:root:Writing the most frequent phone mapping for the graph "é": "e" counting 1812 occurrences
INFO:root:Writing the most frequent phone mapping for the graph "x": "k:s" counting 1216 occurrences
INFO:root:Writing the most frequent phone mapping for the graph "ó": "o" counting 3125 occurrences
INFO:root:Writing the most frequent phone mapping for the graph "v": "b" counting 6939 occurrences
INFO:root:Writing the most frequent phone mapping for the graph "y": "ɟ͡ʝ" counting 952 occurrences
INFO:root:Writing the most frequent phone mapping for the graph "f": "f" counting 10782 occurrences
INFO:root:Writing the most frequent phone mapping for the graph "p": "p" counting 22468 occurrences
INFO:root:Writing the most frequent phone mapping for the graph "ú": "u" counting 497 occurrences
INFO:root:Writing the most frequent phone mapping for the graph "w": "w" counting 131 occurrences
INFO:root:Writing the most frequent phone mapping for the graph "k": "k" counting 403 occurrences
INFO:root:Writing the most frequent phone mapping for the graph "ü": "w" counting 204 occurrences
INFO:root:Writing the most frequent phone mapping for the graph "q": "k" counting 37 occurrences
INFO:root:Writing the most frequent phone mapping for the graph "ç": "θ" counting 4 occurrences
INFO:root:Writing the most frequent phone mapping for the graph "î": "w:a" counting 2 occurrences
INFO:root:Writing the most frequent phone mapping for the graph "h": "x" counting 86 occurrences
INFO:root:Writing the most frequent phone mapping for the graph "ö": "e" counting 2 occurrences
INFO:root:Writing the most frequent phone mapping for the graph "ꝇ": "ʎ" counting 1 occurrences
