INFO:root:Writing the most frequent phone mapping for the graph "a": "a" counting 18848 occurrences
INFO:root:Writing the most frequent phone mapping for the graph "b": "b" counting 3544 occurrences
INFO:root:Writing the most frequent phone mapping for the graph "c": "k" counting 10067 occurrences
INFO:root:Writing the most frequent phone mapping for the graph "d": "d" counting 4716 occurrences
INFO:root:Writing the most frequent phone mapping for the graph "e": "e" counting 7605 occurrences
INFO:root:Writing the most frequent phone mapping for the graph "f": "f" counting 3024 occurrences
INFO:root:Writing the most frequent phone mapping for the graph "g": "ɡ" counting 1917 occurrences
INFO:root:Writing the most frequent phone mapping for the graph "h": "x" counting 73 occurrences
INFO:root:Writing the most frequent phone mapping for the graph "i": "i" counting 2940 occurrences
INFO:root:Writing the most frequent phone mapping for the graph "j": "x" counting 776 occurrences
INFO:root:Writing the most frequent phone mapping for the graph "k": "k" counting 126 occurrences
INFO:root:Writing the most frequent phone mapping for the graph "l": "l" counting 2568 occurrences
INFO:root:Writing the most frequent phone mapping for the graph "m": "m" counting 5984 occurrences
INFO:root:Writing the most frequent phone mapping for the graph "n": "n" counting 1633 occurrences
INFO:root:Writing the most frequent phone mapping for the graph "o": "o" counting 1929 occurrences
INFO:root:Writing the most frequent phone mapping for the graph "p": "p" counting 8317 occurrences
INFO:root:Writing the most frequent phone mapping for the graph "q": "k" counting 18 occurrences
INFO:root:Writing the most frequent phone mapping for the graph "r": "r" counting 6823 occurrences
INFO:root:Writing the most frequent phone mapping for the graph "s": "s" counting 6430 occurrences
INFO:root:Writing the most frequent phone mapping for the graph "t": "t" counting 2865 occurrences
INFO:root:Writing the most frequent phone mapping for the graph "u": "u" counting 543 occurrences
INFO:root:Writing the most frequent phone mapping for the graph "v": "b" counting 2665 occurrences
INFO:root:Writing the most frequent phone mapping for the graph "w": "w" counting 62 occurrences
INFO:root:Writing the most frequent phone mapping for the graph "x": "s" counting 41 occurrences
INFO:root:Writing the most frequent phone mapping for the graph "y": "ɟ͡ʝ" counting 432 occurrences
INFO:root:Writing the most frequent phone mapping for the graph "z": "θ" counting 432 occurrences
INFO:root:Writing the most frequent phone mapping for the graph "á": "a" counting 122 occurrences
INFO:root:Writing the most frequent phone mapping for the graph "é": "e" counting 34 occurrences
INFO:root:Writing the most frequent phone mapping for the graph "í": "i" counting 31 occurrences
INFO:root:Writing the most frequent phone mapping for the graph "ñ": "ɲ" counting 60 occurrences
INFO:root:Writing the most frequent phone mapping for the graph "ó": "o" counting 36 occurrences
INFO:root:Writing the most frequent phone mapping for the graph "ú": "u" counting 18 occurrences
INFO:root:Writing the most frequent phone mapping for the graph "ü": "w" counting 1 occurrences
INFO:root:Writing the most frequent phone mapping for the graph "ꝇ": "ʎ" counting 1 occurrences
